<?xml version="1.0" encoding="UTF-8"?>
<!-- Generated by org.testng.reporters.JUnitReportReporter -->
<testsuite hostname="DESKTOP-OS617JJ" failures="0" tests="1" name="org.ait.herokuapp.tests.widgets.SliderTest" time="16.714" errors="0" timestamp="2023-10-16T15:20:06 CEST" skipped="0">
  <testcase classname="org.ait.herokuapp.tests.widgets.SliderTest" name="sliderTest" time="16.714"/>
</testsuite> <!-- org.ait.herokuapp.tests.widgets.SliderTest -->
